<?xml version="1.0"?>
<?xml-stylesheet type='text/xsl' href='MessageLog.xsl'?>
<Log FirstSessionID="151" LastSessionID="153">
    <Message Date="03/01/2012" Time="00:00:49" DateTime="2012-01-03T00:00:49.956Z" SessionID="151">
        <From>
            <User FriendlyName="Tom"/>
        </From>
        <To>
            <User FriendlyName="James"/>
            <User FriendlyName="Ray"/>
        </To>
        <Text Style="font-family:Tahoma; color:#008000; ">hello this is a test message</Text>
    </Message>
    <Message Date="03/01/2012" Time="00:00:52" DateTime="2012-01-03T00:00:52.486Z" SessionID="151">
        <From>
            <User FriendlyName="Ray"/>
        </From>
        <To>
            <User FriendlyName="Tom"/>
            <User FriendlyName="James"/>
        </To>
        <Text Style="font-family:Tahoma; color:#008000; ">to check if the application is working</Text>
    </Message>
    <Message Date="03/01/2012" Time="00:00:53" DateTime="2012-01-03T00:00:53.393Z" SessionID="151">
        <From>
            <User FriendlyName="James"/>
        </From>
        <To>
            <User FriendlyName="Ray"/>
            <User FriendlyName="Tom"/>
        </To>
        <Text Style="font-family:Tahoma; color:#000000; ">hopefully it works as intended</Text>
    </Message>
</Log>